[debug] [2021-12-30T14:51:02.076Z] ----------------------------------------------------------------------
[debug] [2021-12-30T14:51:02.078Z] Command:       C:\Program Files\nodejs\node.exe C:\Users\Ousmane Barry\AppData\Roaming\npm\node_modules\firebase-tools\lib\bin\firebase.js deploy
[debug] [2021-12-30T14:51:02.078Z] CLI Version:   10.0.1
[debug] [2021-12-30T14:51:02.078Z] Platform:      win32
[debug] [2021-12-30T14:51:02.078Z] Node Version:  v16.3.0
[debug] [2021-12-30T14:51:02.079Z] Time:          Thu Dec 30 2021 09:51:02 GMT-0500 (Eastern Standard Time)
[debug] [2021-12-30T14:51:02.079Z] ----------------------------------------------------------------------
[debug] 
[debug] [2021-12-30T14:51:02.120Z] > command requires scopes: ["email","openid","https://www.googleapis.com/auth/cloudplatformprojects.readonly","https://www.googleapis.com/auth/firebase","https://www.googleapis.com/auth/cloud-platform"]
[debug] [2021-12-30T14:51:02.120Z] > authorizing via signed-in user (kegnekobarry822@gmail.com)
[debug] [2021-12-30T14:51:02.120Z] [iam] checking project redirect-links-3a125 for permissions ["firebase.projects.get","firebasehosting.sites.update"]
[debug] [2021-12-30T14:51:02.122Z] >>> HTTP REQUEST POST https://cloudresourcemanager.googleapis.com/v1/projects/redirect-links-3a125:testIamPermissions  
 {"permissions":["firebase.projects.get","firebasehosting.sites.update"]}
[debug] [2021-12-30T14:51:02.318Z] <<< HTTP RESPONSE 200 {"content-type":"application/json; charset=UTF-8","vary":"X-Origin, Referer, Origin,Accept-Encoding","date":"Thu, 30 Dec 2021 14:50:58 GMT","server":"ESF","cache-control":"private","x-xss-protection":"0","x-frame-options":"SAMEORIGIN","x-content-type-options":"nosniff","server-timing":"gfet4t7; dur=57","alt-svc":"h3=\":443\"; ma=2592000,h3-29=\":443\"; ma=2592000,h3-Q050=\":443\"; ma=2592000,h3-Q046=\":443\"; ma=2592000,h3-Q043=\":443\"; ma=2592000,quic=\":443\"; ma=2592000; v=\"46,43\"","accept-ranges":"none","transfer-encoding":"chunked"}
[debug] [2021-12-30T14:51:02.320Z] > refreshing access token with scopes: []
[debug] [2021-12-30T14:51:02.320Z] >>> HTTP REQUEST POST https://www.googleapis.com/oauth2/v3/token  
 <request body omitted>
[debug] [2021-12-30T14:51:02.497Z] <<< HTTP RESPONSE 200 {"pragma":"no-cache","date":"Thu, 30 Dec 2021 14:50:59 GMT","cache-control":"no-cache, no-store, max-age=0, must-revalidate","expires":"Mon, 01 Jan 1990 00:00:00 GMT","content-type":"application/json; charset=utf-8","vary":"X-Origin, Referer, Origin,Accept-Encoding","server":"scaffolding on HTTPServer2","x-xss-protection":"0","x-frame-options":"SAMEORIGIN","x-content-type-options":"nosniff","alt-svc":"h3=\":443\"; ma=2592000,h3-29=\":443\"; ma=2592000,h3-Q050=\":443\"; ma=2592000,h3-Q046=\":443\"; ma=2592000,h3-Q043=\":443\"; ma=2592000,quic=\":443\"; ma=2592000; v=\"46,43\"","accept-ranges":"none","transfer-encoding":"chunked"}
[debug] [2021-12-30T14:51:02.504Z] >>> [apiv2][query] GET https://firebase.googleapis.com/v1beta1/projects/redirect-links-3a125 [none]
[debug] [2021-12-30T14:51:02.827Z] <<< [apiv2][status] GET https://firebase.googleapis.com/v1beta1/projects/redirect-links-3a125 200
[debug] [2021-12-30T14:51:02.827Z] <<< [apiv2][body] GET https://firebase.googleapis.com/v1beta1/projects/redirect-links-3a125 {"projectId":"redirect-links-3a125","projectNumber":"935519850673","displayName":"Redirect Links","name":"projects/redirect-links-3a125","resources":{"hostingSite":"redirect-links-3a125"},"state":"ACTIVE"}
[info] 
[info] === Deploying to 'redirect-links-3a125'...
[info] 
[info] i  deploying hosting 
[debug] [2021-12-30T14:51:02.830Z] > refreshing access token with scopes: ["email","https://www.googleapis.com/auth/cloud-platform","https://www.googleapis.com/auth/cloudplatformprojects.readonly","https://www.googleapis.com/auth/firebase","openid"]
[debug] [2021-12-30T14:51:02.830Z] >>> HTTP REQUEST POST https://www.googleapis.com/oauth2/v3/token  
 <request body omitted>
[debug] [2021-12-30T14:51:02.939Z] <<< HTTP RESPONSE 200 {"expires":"Mon, 01 Jan 1990 00:00:00 GMT","pragma":"no-cache","date":"Thu, 30 Dec 2021 14:50:59 GMT","cache-control":"no-cache, no-store, max-age=0, must-revalidate","content-type":"application/json; charset=utf-8","vary":"X-Origin, Referer, Origin,Accept-Encoding","server":"scaffolding on HTTPServer2","x-xss-protection":"0","x-frame-options":"SAMEORIGIN","x-content-type-options":"nosniff","alt-svc":"h3=\":443\"; ma=2592000,h3-29=\":443\"; ma=2592000,h3-Q050=\":443\"; ma=2592000,h3-Q046=\":443\"; ma=2592000,h3-Q043=\":443\"; ma=2592000,quic=\":443\"; ma=2592000; v=\"46,43\"","accept-ranges":"none","transfer-encoding":"chunked"}
[debug] [2021-12-30T14:51:02.946Z] >>> HTTP REQUEST POST https://firebasehosting.googleapis.com/v1beta1/sites/redirect-links-3a125/versions  
 {"config":{"rewrites":[{"glob":"**","path":"/index.html"}]},"labels":{"deployment-tool":"cli-firebase"}}
[debug] [2021-12-30T14:51:03.857Z] <<< HTTP RESPONSE 200 {"content-type":"application/json; charset=UTF-8","vary":"X-Origin, Referer, Origin,Accept-Encoding","date":"Thu, 30 Dec 2021 14:51:00 GMT","server":"ESF","cache-control":"private","x-xss-protection":"0","x-frame-options":"SAMEORIGIN","x-content-type-options":"nosniff","alt-svc":"h3=\":443\"; ma=2592000,h3-29=\":443\"; ma=2592000,h3-Q050=\":443\"; ma=2592000,h3-Q046=\":443\"; ma=2592000,h3-Q043=\":443\"; ma=2592000,quic=\":443\"; ma=2592000; v=\"46,43\"","accept-ranges":"none","transfer-encoding":"chunked"}
[info] i  hosting[redirect-links-3a125]: beginning deploy... 
[info] i  hosting[redirect-links-3a125]: found 12 files in build 
[debug] [2021-12-30T14:51:03.919Z] > refreshing access token with scopes: []
[debug] [2021-12-30T14:51:03.919Z] >>> HTTP REQUEST POST https://www.googleapis.com/oauth2/v3/token  
 <request body omitted>
[debug] [2021-12-30T14:51:03.921Z] [hosting] hash cache [YnVpbGQ] stored for 12 files
[debug] [2021-12-30T14:51:03.921Z] [hosting][hash queue][FINAL] {"max":52,"min":1,"avg":6.833333333333333,"active":0,"complete":12,"success":12,"errored":0,"retried":0,"total":12,"elapsed":56}
[debug] [2021-12-30T14:51:04.024Z] <<< HTTP RESPONSE 200 {"expires":"Mon, 01 Jan 1990 00:00:00 GMT","cache-control":"no-cache, no-store, max-age=0, must-revalidate","date":"Thu, 30 Dec 2021 14:51:00 GMT","pragma":"no-cache","content-type":"application/json; charset=utf-8","vary":"X-Origin, Referer, Origin,Accept-Encoding","server":"scaffolding on HTTPServer2","x-xss-protection":"0","x-frame-options":"SAMEORIGIN","x-content-type-options":"nosniff","alt-svc":"h3=\":443\"; ma=2592000,h3-29=\":443\"; ma=2592000,h3-Q050=\":443\"; ma=2592000,h3-Q046=\":443\"; ma=2592000,h3-Q043=\":443\"; ma=2592000,quic=\":443\"; ma=2592000; v=\"46,43\"","accept-ranges":"none","transfer-encoding":"chunked"}
[debug] [2021-12-30T14:51:04.029Z] >>> [apiv2][query] POST https://firebasehosting.googleapis.com/v1beta1/sites/redirect-links-3a125/versions/66254ce56a304287:populateFiles [none]
[debug] [2021-12-30T14:51:04.029Z] >>> [apiv2][body] POST https://firebasehosting.googleapis.com/v1beta1/sites/redirect-links-3a125/versions/66254ce56a304287:populateFiles {"files":{"/favicon.ico":"eae62e993eb980ec8a25058c39d5a51feab118bd2100c4deebb2a9c158ec11f9","/logo192.png":"3ee59515172ee198f3be375979df15ac5345183e656720a381b8872b2a39dc8b","/logo512.png":"ee7e2f3fdb8209c4b6fd7bef6ba50d1b9dba30a25bb5c3126df057e1cb6f5331","/manifest.json":"aff3449bdc238776f5d6d967f19ec491b36aed5fb7f23ccff6500736fd58494a","/robots.txt":"bfe106a3fb878dc83461c86818bf74fc1bdc7f28538ba613cd3e775516ce8b49","/asset-manifest.json":"0c194ef2df704eccd4358989f625d222fb563caacddd6e26ea7089e0b0f04630","/index.html":"9f0fdb20c52550baf9b77c020fe0b61e2631122b3254c06dedceab9412905888","/static/css/main.9d2c4429.css":"ac9731e1d2298b3b1f787a19148ca4c5e216afca50a5bbea1998e6ed547bdb94","/static/css/main.9d2c4429.css.map":"2e80214b651404519e814c70c7171c4ec884d4d7382dbaf6f0c485bfae2f3088","/static/js/main.081ecbc9.js.LICENSE.txt":"344f60d92805a3f6078799efe3001c0746af425c166ecf1779b9a58f0ef566af","/static/js/main.081ecbc9.js":"3f96370a5d597a59bde2096a6906ffb2ca6cda5b041a881f5185f732398425f7","/static/js/main.081ecbc9.js.map":"3e7f0bd283c20d471caebeaa322dcba5f4165c4d20200c7b03df9edee0cd066f"}}
[debug] [2021-12-30T14:51:04.657Z] <<< [apiv2][status] POST https://firebasehosting.googleapis.com/v1beta1/sites/redirect-links-3a125/versions/66254ce56a304287:populateFiles 200
[debug] [2021-12-30T14:51:04.657Z] <<< [apiv2][body] POST https://firebasehosting.googleapis.com/v1beta1/sites/redirect-links-3a125/versions/66254ce56a304287:populateFiles {"uploadRequiredHashes":["2e80214b651404519e814c70c7171c4ec884d4d7382dbaf6f0c485bfae2f3088","3f96370a5d597a59bde2096a6906ffb2ca6cda5b041a881f5185f732398425f7","0c194ef2df704eccd4358989f625d222fb563caacddd6e26ea7089e0b0f04630","9f0fdb20c52550baf9b77c020fe0b61e2631122b3254c06dedceab9412905888","3e7f0bd283c20d471caebeaa322dcba5f4165c4d20200c7b03df9edee0cd066f","ac9731e1d2298b3b1f787a19148ca4c5e216afca50a5bbea1998e6ed547bdb94"],"uploadUrl":"https://upload-firebasehosting.googleapis.com/upload/sites/redirect-links-3a125/versions/66254ce56a304287/files"}
[debug] [2021-12-30T14:51:04.658Z] >>> [apiv2][query] POST https://upload-firebasehosting.googleapis.com/upload/sites/redirect-links-3a125/versions/66254ce56a304287/files/2e80214b651404519e814c70c7171c4ec884d4d7382dbaf6f0c485bfae2f3088 [none]
[debug] [2021-12-30T14:51:04.658Z] >>> [apiv2][body] POST https://upload-firebasehosting.googleapis.com/upload/sites/redirect-links-3a125/versions/66254ce56a304287/files/2e80214b651404519e814c70c7171c4ec884d4d7382dbaf6f0c485bfae2f3088 [stream]
[debug] [2021-12-30T14:51:04.659Z] >>> [apiv2][query] POST https://upload-firebasehosting.googleapis.com/upload/sites/redirect-links-3a125/versions/66254ce56a304287/files/3f96370a5d597a59bde2096a6906ffb2ca6cda5b041a881f5185f732398425f7 [none]
[debug] [2021-12-30T14:51:04.659Z] >>> [apiv2][body] POST https://upload-firebasehosting.googleapis.com/upload/sites/redirect-links-3a125/versions/66254ce56a304287/files/3f96370a5d597a59bde2096a6906ffb2ca6cda5b041a881f5185f732398425f7 [stream]
[debug] [2021-12-30T14:51:04.659Z] >>> [apiv2][query] POST https://upload-firebasehosting.googleapis.com/upload/sites/redirect-links-3a125/versions/66254ce56a304287/files/0c194ef2df704eccd4358989f625d222fb563caacddd6e26ea7089e0b0f04630 [none]
[debug] [2021-12-30T14:51:04.659Z] >>> [apiv2][body] POST https://upload-firebasehosting.googleapis.com/upload/sites/redirect-links-3a125/versions/66254ce56a304287/files/0c194ef2df704eccd4358989f625d222fb563caacddd6e26ea7089e0b0f04630 [stream]
[debug] [2021-12-30T14:51:04.660Z] >>> [apiv2][query] POST https://upload-firebasehosting.googleapis.com/upload/sites/redirect-links-3a125/versions/66254ce56a304287/files/9f0fdb20c52550baf9b77c020fe0b61e2631122b3254c06dedceab9412905888 [none]
[debug] [2021-12-30T14:51:04.660Z] >>> [apiv2][body] POST https://upload-firebasehosting.googleapis.com/upload/sites/redirect-links-3a125/versions/66254ce56a304287/files/9f0fdb20c52550baf9b77c020fe0b61e2631122b3254c06dedceab9412905888 [stream]
[debug] [2021-12-30T14:51:04.660Z] >>> [apiv2][query] POST https://upload-firebasehosting.googleapis.com/upload/sites/redirect-links-3a125/versions/66254ce56a304287/files/3e7f0bd283c20d471caebeaa322dcba5f4165c4d20200c7b03df9edee0cd066f [none]
[debug] [2021-12-30T14:51:04.660Z] >>> [apiv2][body] POST https://upload-firebasehosting.googleapis.com/upload/sites/redirect-links-3a125/versions/66254ce56a304287/files/3e7f0bd283c20d471caebeaa322dcba5f4165c4d20200c7b03df9edee0cd066f [stream]
[debug] [2021-12-30T14:51:04.661Z] >>> [apiv2][query] POST https://upload-firebasehosting.googleapis.com/upload/sites/redirect-links-3a125/versions/66254ce56a304287/files/ac9731e1d2298b3b1f787a19148ca4c5e216afca50a5bbea1998e6ed547bdb94 [none]
[debug] [2021-12-30T14:51:04.661Z] >>> [apiv2][body] POST https://upload-firebasehosting.googleapis.com/upload/sites/redirect-links-3a125/versions/66254ce56a304287/files/ac9731e1d2298b3b1f787a19148ca4c5e216afca50a5bbea1998e6ed547bdb94 [stream]
[debug] [2021-12-30T14:51:04.661Z] [hosting][populate queue][FINAL] {"max":739,"min":739,"avg":739,"active":0,"complete":1,"success":1,"errored":0,"retried":0,"total":1,"elapsed":742}
[debug] [2021-12-30T14:51:04.661Z] [hosting] uploads queued: 6
